<?xml version="1.0" encoding="UTF-8"?>
<testsuite xmlns:xsi="http://www.w3.org/2001/XMLSchema-instance" xsi:noNamespaceSchemaLocation="https://maven.apache.org/surefire/maven-surefire-plugin/xsd/surefire-test-report.xsd" name="io.github.gargparthb.ImageEditorTest" time="0" tests="5" errors="0" skipped="0" failures="0">
  <properties>
[...]
</properties>
  <testcase name="testSpectrumColor" classname="io.github.gargparthb.ImageEditorTest" time="0"/>
  <testcase name="testOutputPath" classname="io.github.gargparthb.ImageEditorTest" time="0"/>
  <testcase name="testRangeTesting" classname="io.github.gargparthb.ImageEditorTest" time="0"/>
  <testcase name="testContrast" classname="io.github.gargparthb.ImageEditorTest" time="0"/>
  <testcase name="testBrighten" classname="io.github.gargparthb.ImageEditorTest" time="0"/>
</testsuite>